This is pdfTeX, Version 3.14159265-2.6-1.40.20 (TeX Live 2019) (preloaded format=pdftex 2019.5.10)  29 DEC 2019 15:42
entering extended mode
 restricted \write18 enabled.
 %&-line parsing enabled.
**exercises.tex
(./exercises.tex Section 3, Exercise 1  Section 4, Exercise 1 
Section 5, Some easy exercises  [1{/opt/texlive/2019/texmf-var/fonts/map/pdftex
/updmap/pdftex.map}] [2] Section 5, Exercise 1  Section 5, Exercise 2  [3]
[4] [5] Section 6, A non-trivial exercise  Section 6, Exercise 1  [6] )</opt/te
xlive/2019/texmf-dist/fonts/type1/public/amsfonts/cm/cmbx10.pfb></opt/texlive/2
019/texmf-dist/fonts/type1/public/amsfonts/cm/cmex10.pfb></opt/texlive/2019/tex
mf-dist/fonts/type1/public/amsfonts/cm/cmmi10.pfb></opt/texlive/2019/texmf-dist
/fonts/type1/public/amsfonts/cm/cmmi7.pfb></opt/texlive/2019/texmf-dist/fonts/t
ype1/public/amsfonts/cm/cmr10.pfb></opt/texlive/2019/texmf-dist/fonts/type1/pub
lic/amsfonts/cm/cmr7.pfb></opt/texlive/2019/texmf-dist/fonts/type1/public/amsfo
nts/cm/cmsy10.pfb></opt/texlive/2019/texmf-dist/fonts/type1/public/amsfonts/cm/
cmsy7.pfb>
Output written on exercises.pdf (6 pages, 102393 bytes).
PDF statistics:
 55 PDF objects out of 1000 (max. 8388607)
 38 compressed objects within 1 object stream
 0 named destinations out of 1000 (max. 500000)
 1 words of extra memory for PDF output out of 10000 (max. 10000000)

